0 info it worked if it ends with ok
1 verbose cli [ '/usr/bin/nodejs',
1 verbose cli   '/usr/bin/npm',
1 verbose cli   'install',
1 verbose cli   'express-generator',
1 verbose cli   '-g' ]
2 info using npm@2.14.12
3 info using node@v4.3.1
4 verbose install initial load of /usr/lib/package.json
5 verbose readDependencies loading dependencies from /usr/lib/package.json
6 silly cache add args [ 'express-generator', null ]
7 verbose cache add spec express-generator
8 silly cache add parsed spec Result {
8 silly cache add   raw: 'express-generator',
8 silly cache add   scope: null,
8 silly cache add   name: 'express-generator',
8 silly cache add   rawSpec: '',
8 silly cache add   spec: 'latest',
8 silly cache add   type: 'tag' }
9 silly addNamed express-generator@latest
10 verbose addNamed "latest" is being treated as a dist-tag for express-generator
11 info addNameTag [ 'express-generator', 'latest' ]
12 silly mapToRegistry name express-generator
13 silly mapToRegistry using default registry
14 silly mapToRegistry registry https://registry.npmjs.org/
15 silly mapToRegistry uri https://registry.npmjs.org/express-generator
16 verbose addNameTag registry:https://registry.npmjs.org/express-generator not in flight; fetching
17 verbose request uri https://registry.npmjs.org/express-generator
18 verbose request no auth needed
19 info attempt registry request try #1 at 12:52:24 PM
20 verbose request id cd7a090937345561
21 verbose etag "6QHUA96236I5PNF1BYF7DFI3C"
22 http request GET https://registry.npmjs.org/express-generator
23 http 304 https://registry.npmjs.org/express-generator
24 verbose headers { date: 'Sat, 05 Mar 2016 17:52:24 GMT',
24 verbose headers   via: '1.1 varnish',
24 verbose headers   'cache-control': 'max-age=300',
24 verbose headers   etag: '"6QHUA96236I5PNF1BYF7DFI3C"',
24 verbose headers   age: '0',
24 verbose headers   connection: 'keep-alive',
24 verbose headers   'x-served-by': 'cache-iad2134-IAD',
24 verbose headers   'x-cache': 'HIT',
24 verbose headers   'x-cache-hits': '1',
24 verbose headers   'x-timer': 'S1457200344.979524,VS0,VE18',
24 verbose headers   vary: 'Accept' }
25 silly get cb [ 304,
25 silly get   { date: 'Sat, 05 Mar 2016 17:52:24 GMT',
25 silly get     via: '1.1 varnish',
25 silly get     'cache-control': 'max-age=300',
25 silly get     etag: '"6QHUA96236I5PNF1BYF7DFI3C"',
25 silly get     age: '0',
25 silly get     connection: 'keep-alive',
25 silly get     'x-served-by': 'cache-iad2134-IAD',
25 silly get     'x-cache': 'HIT',
25 silly get     'x-cache-hits': '1',
25 silly get     'x-timer': 'S1457200344.979524,VS0,VE18',
25 silly get     vary: 'Accept' } ]
26 verbose etag https://registry.npmjs.org/express-generator from cache
27 verbose get saving express-generator to /home/cole/.npm/registry.npmjs.org/express-generator/.cache.json
28 silly addNameTag next cb for express-generator with tag latest
29 silly addNamed express-generator@4.13.1
30 verbose addNamed "4.13.1" is a plain semver version for express-generator
31 silly cache afterAdd express-generator@4.13.1
32 verbose afterAdd /home/cole/.npm/express-generator/4.13.1/package/package.json not in flight; writing
33 verbose afterAdd /home/cole/.npm/express-generator/4.13.1/package/package.json written
34 silly install resolved [ { name: 'express-generator',
34 silly install resolved     description: 'Express\' application generator',
34 silly install resolved     version: '4.13.1',
34 silly install resolved     author: { name: 'TJ Holowaychuk', email: 'tj@vision-media.ca' },
34 silly install resolved     contributors: [ [Object], [Object], [Object], [Object], [Object], [Object] ],
34 silly install resolved     keywords:
34 silly install resolved      [ 'express',
34 silly install resolved        'framework',
34 silly install resolved        'sinatra',
34 silly install resolved        'web',
34 silly install resolved        'rest',
34 silly install resolved        'restful',
34 silly install resolved        'router',
34 silly install resolved        'app',
34 silly install resolved        'api' ],
34 silly install resolved     repository:
34 silly install resolved      { type: 'git',
34 silly install resolved        url: 'git+https://github.com/expressjs/generator.git' },
34 silly install resolved     license: 'MIT',
34 silly install resolved     dependencies: { commander: '2.7.1', mkdirp: '0.5.1', 'sorted-object': '1.0.0' },
34 silly install resolved     main: 'bin/express',
34 silly install resolved     preferGlobal: true,
34 silly install resolved     bin: { express: './bin/express' },
34 silly install resolved     devDependencies: { mocha: '2.2.5', rimraf: '~2.2.8', supertest: '1.0.1' },
34 silly install resolved     engines: { node: '>= 0.10' },
34 silly install resolved     files: [ 'LICENSE', 'bin/', 'templates/' ],
34 silly install resolved     scripts:
34 silly install resolved      { test: 'mocha --reporter spec --bail --check-leaks test/',
34 silly install resolved        'test-ci': 'mocha --reporter spec --check-leaks test/' },
34 silly install resolved     gitHead: '4936300029c48655cadca63d063560f67f28c79e',
34 silly install resolved     bugs: { url: 'https://github.com/expressjs/generator/issues' },
34 silly install resolved     homepage: 'https://github.com/expressjs/generator',
34 silly install resolved     _id: 'express-generator@4.13.1',
34 silly install resolved     _shasum: '58351b31f0c7da770c2872bf2a50b9e9359f9968',
34 silly install resolved     _from: 'express-generator@latest',
34 silly install resolved     _npmVersion: '1.4.28',
34 silly install resolved     _npmUser: { name: 'dougwilson', email: 'doug@somethingdoug.com' },
34 silly install resolved     maintainers: [ [Object], [Object], [Object], [Object], [Object], [Object] ],
34 silly install resolved     dist:
34 silly install resolved      { shasum: '58351b31f0c7da770c2872bf2a50b9e9359f9968',
34 silly install resolved        tarball: 'http://registry.npmjs.org/express-generator/-/express-generator-4.13.1.tgz' },
34 silly install resolved     directories: {},
34 silly install resolved     _resolved: 'https://registry.npmjs.org/express-generator/-/express-generator-4.13.1.tgz',
34 silly install resolved     readme: 'ERROR: No README data found!' } ]
35 info install express-generator@4.13.1 into /usr/lib
36 info installOne express-generator@4.13.1
37 verbose installOne of express-generator to /usr/lib not in flight; installing
38 verbose lock using /home/cole/.npm/_locks/express-generator-981ece2c3651799f.lock for /usr/lib/node_modules/express-generator
39 silly install write writing express-generator 4.13.1 to /usr/lib/node_modules/express-generator
40 verbose unbuild lib/node_modules/express-generator
41 info preuninstall express-generator@4.13.1
42 info uninstall express-generator@4.13.1
43 verbose unbuild rmStuff express-generator@4.13.1 from /usr/lib/node_modules
44 silly gentlyRm /usr/bin/express is being gently removed
45 silly gentlyRm verifying /usr is an npm working directory
46 silly gentlyRm containing path /usr is under npm's control, in /usr
47 silly gentlyRm deletion target /usr/bin/express is under /usr
48 verbose gentlyRm vacuuming from /usr/bin/express up to /usr
49 silly vacuum-fs removing /usr/bin/express
50 verbose unlock done using /home/cole/.npm/_locks/express-generator-981ece2c3651799f.lock for /usr/lib/node_modules/express-generator
51 verbose stack Error: EACCES: permission denied, unlink '/usr/bin/express'
51 verbose stack     at Error (native)
52 verbose cwd /home/cole/ProgrammingFiles/UMBCHacks
53 error Linux 3.19.0-51-generic
54 error argv "/usr/bin/nodejs" "/usr/bin/npm" "install" "express-generator" "-g"
55 error node v4.3.1
56 error npm  v2.14.12
57 error path /usr/bin/express
58 error code EACCES
59 error errno -13
60 error syscall unlink
61 error Error: EACCES: permission denied, unlink '/usr/bin/express'
61 error     at Error (native)
61 error  { [Error: EACCES: permission denied, unlink '/usr/bin/express']
61 error   errno: -13,
61 error   code: 'EACCES',
61 error   syscall: 'unlink',
61 error   path: '/usr/bin/express' }
62 error Please try running this command again as root/Administrator.
63 verbose exit [ -13, true ]
64 verbose unbuild lib/node_modules/express-generator
65 info preuninstall express-generator@4.13.1
66 info uninstall express-generator@4.13.1
67 verbose unbuild rmStuff express-generator@4.13.1 from /usr/lib/node_modules
68 silly gentlyRm /usr/bin/express is being gently removed
69 silly gentlyRm verifying /usr is an npm working directory
70 silly gentlyRm containing path /usr is under npm's control, in /usr
71 silly gentlyRm deletion target /usr/bin/express is under /usr
72 verbose gentlyRm vacuuming from /usr/bin/express up to /usr
73 silly vacuum-fs removing /usr/bin/express
74 error error rolling back Error: EACCES: permission denied, unlink '/usr/bin/express'
74 error error rolling back     at Error (native)
74 error error rolling back  { [Error: EACCES: permission denied, unlink '/usr/bin/express']
74 error error rolling back   errno: -13,
74 error error rolling back   code: 'EACCES',
74 error error rolling back   syscall: 'unlink',
74 error error rolling back   path: '/usr/bin/express' }
